2022-12-06 15:47:07,536 ERROR org.springframework.boot.SpringApplication [main] Application run failed
java.lang.IllegalStateException: java.lang.IllegalStateException: Logback configuration error detected: 
ERROR in ch.qos.logback.classic.joran.action.LoggerAction - No 'name' attribute in element logger, around line: 41, column: 46
ERROR in ch.qos.logback.core.joran.action.AppenderRefAction - Could not find an AppenderAttachable at the top of execution stack. Near [appender-ref] line 42
ERROR in ch.qos.logback.core.joran.action.AppenderRefAction - Could not find an AppenderAttachable at the top of execution stack. Near [appender-ref] line 43
	at org.springframework.boot.context.logging.LoggingApplicationListener.initializeSystem(LoggingApplicationListener.java:344)
	at org.springframework.boot.context.logging.LoggingApplicationListener.initialize(LoggingApplicationListener.java:298)
	at org.springframework.boot.context.logging.LoggingApplicationListener.onApplicationEnvironmentPreparedEvent(LoggingApplicationListener.java:246)
	at org.springframework.boot.context.logging.LoggingApplicationListener.onApplicationEvent(LoggingApplicationListener.java:223)
	at org.springframework.context.event.SimpleApplicationEventMulticaster.doInvokeListener(SimpleApplicationEventMulticaster.java:176)
	at org.springframework.context.event.SimpleApplicationEventMulticaster.invokeListener(SimpleApplicationEventMulticaster.java:169)
	at org.springframework.context.event.SimpleApplicationEventMulticaster.multicastEvent(SimpleApplicationEventMulticaster.java:143)
	at org.springframework.context.event.SimpleApplicationEventMulticaster.multicastEvent(SimpleApplicationEventMulticaster.java:131)
	at org.springframework.boot.context.event.EventPublishingRunListener.environmentPrepared(EventPublishingRunListener.java:85)
	at org.springframework.boot.SpringApplicationRunListeners.lambda$environmentPrepared$2(SpringApplicationRunListeners.java:66)
	at java.base/java.util.ArrayList.forEach(ArrayList.java:1541)
	at org.springframework.boot.SpringApplicationRunListeners.doWithListeners(SpringApplicationRunListeners.java:120)
	at org.springframework.boot.SpringApplicationRunListeners.doWithListeners(SpringApplicationRunListeners.java:114)
	at org.springframework.boot.SpringApplicationRunListeners.environmentPrepared(SpringApplicationRunListeners.java:65)
	at org.springframework.boot.SpringApplication.prepareEnvironment(SpringApplication.java:343)
	at org.springframework.boot.SpringApplication.run(SpringApplication.java:301)
	at org.springframework.boot.SpringApplication.run(SpringApplication.java:1303)
	at org.springframework.boot.SpringApplication.run(SpringApplication.java:1292)
	at com.behsazan.aop.AopApplication.main(AopApplication.java:10)
Caused by: java.lang.IllegalStateException: Logback configuration error detected: 
ERROR in ch.qos.logback.classic.joran.action.LoggerAction - No 'name' attribute in element logger, around line: 41, column: 46
ERROR in ch.qos.logback.core.joran.action.AppenderRefAction - Could not find an AppenderAttachable at the top of execution stack. Near [appender-ref] line 42
ERROR in ch.qos.logback.core.joran.action.AppenderRefAction - Could not find an AppenderAttachable at the top of execution stack. Near [appender-ref] line 43
	at org.springframework.boot.logging.logback.LogbackLoggingSystem.loadConfiguration(LogbackLoggingSystem.java:179)
	at org.springframework.boot.logging.logback.LogbackLoggingSystem.reinitialize(LogbackLoggingSystem.java:232)
	at org.springframework.boot.logging.AbstractLoggingSystem.initializeWithConventions(AbstractLoggingSystem.java:73)
	at org.springframework.boot.logging.AbstractLoggingSystem.initialize(AbstractLoggingSystem.java:60)
	at org.springframework.boot.logging.logback.LogbackLoggingSystem.initialize(LogbackLoggingSystem.java:132)
	at org.springframework.boot.context.logging.LoggingApplicationListener.initializeSystem(LoggingApplicationListener.java:329)
	... 18 common frames omitted
2022-12-06 15:47:40,139 INFO org.springframework.boot.StartupInfoLogger [main] Starting AopApplication using Java 11.0.14.1 on MHajihosseini0334 with PID 14168 (D:\sample\aop\target\classes started by M.Hajhosseini in D:\sample\aop)
2022-12-06 15:47:40,155 INFO org.springframework.boot.SpringApplication [main] No active profile set, falling back to 1 default profile: "default"
2022-12-06 15:47:40,430 INFO org.springframework.data.repository.config.RepositoryConfigurationDelegate [main] Bootstrapping Spring Data JPA repositories in DEFAULT mode.
2022-12-06 15:47:40,465 INFO org.springframework.data.repository.config.RepositoryConfigurationDelegate [main] Finished Spring Data repository scanning in 29 ms. Found 1 JPA repository interfaces.
2022-12-06 15:47:40,757 INFO org.springframework.boot.web.embedded.tomcat.TomcatWebServer [main] Tomcat initialized with port(s): 8686 (http)
2022-12-06 15:47:40,772 INFO org.apache.juli.logging.DirectJDKLog [main] Initializing ProtocolHandler ["http-nio-8686"]
2022-12-06 15:47:40,772 INFO org.apache.juli.logging.DirectJDKLog [main] Starting service [Tomcat]
2022-12-06 15:47:40,772 INFO org.apache.juli.logging.DirectJDKLog [main] Starting Servlet engine: [Apache Tomcat/9.0.69]
2022-12-06 15:47:40,819 INFO org.apache.juli.logging.DirectJDKLog [main] Initializing Spring embedded WebApplicationContext
2022-12-06 15:47:40,819 INFO org.springframework.boot.web.servlet.context.ServletWebServerApplicationContext [main] Root WebApplicationContext: initialization completed in 649 ms
2022-12-06 15:47:40,835 INFO com.zaxxer.hikari.HikariDataSource [main] HikariPool-1 - Starting...
2022-12-06 15:47:40,897 INFO com.zaxxer.hikari.HikariDataSource [main] HikariPool-1 - Start completed.
2022-12-06 15:47:40,897 INFO org.springframework.boot.autoconfigure.h2.H2ConsoleAutoConfiguration [main] H2 console available at '/h2-console'. Database available at 'jdbc:h2:file:./data/demo'
2022-12-06 15:47:40,960 INFO org.hibernate.jpa.internal.util.LogHelper [main] HHH000204: Processing PersistenceUnitInfo [name: default]
2022-12-06 15:47:40,991 INFO org.hibernate.Version [main] HHH000412: Hibernate ORM core version 5.6.14.Final
2022-12-06 15:47:41,038 INFO org.hibernate.annotations.common.reflection.java.JavaReflectionManager [main] HCANN000001: Hibernate Commons Annotations {5.1.2.Final}
2022-12-06 15:47:41,085 INFO org.hibernate.dialect.Dialect [main] HHH000400: Using dialect: org.hibernate.dialect.H2Dialect
2022-12-06 15:47:41,323 INFO org.hibernate.engine.transaction.jta.platform.internal.JtaPlatformInitiator [main] HHH000490: Using JtaPlatform implementation: [org.hibernate.engine.transaction.jta.platform.internal.NoJtaPlatform]
2022-12-06 15:47:41,323 INFO org.springframework.orm.jpa.AbstractEntityManagerFactoryBean [main] Initialized JPA EntityManagerFactory for persistence unit 'default'
2022-12-06 15:47:41,543 WARN org.springframework.boot.autoconfigure.orm.jpa.JpaBaseConfiguration$JpaWebConfiguration [main] spring.jpa.open-in-view is enabled by default. Therefore, database queries may be performed during view rendering. Explicitly configure spring.jpa.open-in-view to disable this warning
2022-12-06 15:47:41,722 INFO org.apache.juli.logging.DirectJDKLog [main] Starting ProtocolHandler ["http-nio-8686"]
2022-12-06 15:47:41,722 INFO org.springframework.boot.web.embedded.tomcat.TomcatWebServer [main] Tomcat started on port(s): 8686 (http) with context path ''
2022-12-06 15:47:41,738 INFO org.springframework.boot.StartupInfoLogger [main] Started AopApplication in 1.789 seconds (JVM running for 2.37)
2022-12-06 15:47:46,524 INFO org.apache.juli.logging.DirectJDKLog [http-nio-8686-exec-1] Initializing Spring DispatcherServlet 'dispatcherServlet'
2022-12-06 15:47:46,524 INFO org.springframework.web.servlet.FrameworkServlet [http-nio-8686-exec-1] Initializing Servlet 'dispatcherServlet'
2022-12-06 15:47:46,524 INFO org.springframework.web.servlet.FrameworkServlet [http-nio-8686-exec-1] Completed initialization in 0 ms
2022-12-06 15:47:46,586 INFO com.behsazan.aop.aspects.LoggingAspect [http-nio-8686-exec-1] Executing method: insertPerson(person)
2022-12-06 15:47:46,602 INFO com.behsazan.aop.aspects.LoggingAspect [http-nio-8686-exec-1] method arguments: Person{id=null, age=18, firstName='fatima', lastName='majidi'}
2022-12-06 15:47:46,602 INFO com.behsazan.aop.aspects.LoggingAspect [http-nio-8686-exec-1] Executing method: addPerson(person)
2022-12-06 15:47:46,602 INFO com.behsazan.aop.aspects.LoggingAspect [http-nio-8686-exec-1] method arguments: Person{id=null, age=18, firstName='fatima', lastName='majidi'}
2022-12-06 15:48:58,517 INFO org.springframework.orm.jpa.AbstractEntityManagerFactoryBean [SpringApplicationShutdownHook] Closing JPA EntityManagerFactory for persistence unit 'default'
2022-12-06 15:48:58,517 INFO com.zaxxer.hikari.HikariDataSource [SpringApplicationShutdownHook] HikariPool-1 - Shutdown initiated...
2022-12-06 15:48:58,517 INFO com.zaxxer.hikari.HikariDataSource [SpringApplicationShutdownHook] HikariPool-1 - Shutdown completed.
2022-12-06 15:49:01,832 INFO org.springframework.boot.StartupInfoLogger [main] Starting AopApplication using Java 11.0.14.1 on MHajihosseini0334 with PID 12208 (D:\sample\aop\target\classes started by M.Hajhosseini in D:\sample\aop)
2022-12-06 15:49:01,832 INFO org.springframework.boot.SpringApplication [main] No active profile set, falling back to 1 default profile: "default"
2022-12-06 15:49:02,155 INFO org.springframework.data.repository.config.RepositoryConfigurationDelegate [main] Bootstrapping Spring Data JPA repositories in DEFAULT mode.
2022-12-06 15:49:02,171 INFO org.springframework.data.repository.config.RepositoryConfigurationDelegate [main] Finished Spring Data repository scanning in 19 ms. Found 1 JPA repository interfaces.
2022-12-06 15:49:02,471 INFO org.springframework.boot.web.embedded.tomcat.TomcatWebServer [main] Tomcat initialized with port(s): 8686 (http)
2022-12-06 15:49:02,471 INFO org.apache.juli.logging.DirectJDKLog [main] Initializing ProtocolHandler ["http-nio-8686"]
2022-12-06 15:49:02,471 INFO org.apache.juli.logging.DirectJDKLog [main] Starting service [Tomcat]
2022-12-06 15:49:02,471 INFO org.apache.juli.logging.DirectJDKLog [main] Starting Servlet engine: [Apache Tomcat/9.0.69]
2022-12-06 15:49:02,534 INFO org.apache.juli.logging.DirectJDKLog [main] Initializing Spring embedded WebApplicationContext
2022-12-06 15:49:02,534 INFO org.springframework.boot.web.servlet.context.ServletWebServerApplicationContext [main] Root WebApplicationContext: initialization completed in 686 ms
2022-12-06 15:49:02,549 INFO com.zaxxer.hikari.HikariDataSource [main] HikariPool-1 - Starting...
2022-12-06 15:49:02,622 INFO com.zaxxer.hikari.HikariDataSource [main] HikariPool-1 - Start completed.
2022-12-06 15:49:02,622 INFO org.springframework.boot.autoconfigure.h2.H2ConsoleAutoConfiguration [main] H2 console available at '/h2-console'. Database available at 'jdbc:h2:file:./data/demo'
2022-12-06 15:49:02,700 INFO org.hibernate.jpa.internal.util.LogHelper [main] HHH000204: Processing PersistenceUnitInfo [name: default]
2022-12-06 15:49:02,716 INFO org.hibernate.Version [main] HHH000412: Hibernate ORM core version 5.6.14.Final
2022-12-06 15:49:02,778 INFO org.hibernate.annotations.common.reflection.java.JavaReflectionManager [main] HCANN000001: Hibernate Commons Annotations {5.1.2.Final}
2022-12-06 15:49:02,825 INFO org.hibernate.dialect.Dialect [main] HHH000400: Using dialect: org.hibernate.dialect.H2Dialect
2022-12-06 15:49:03,054 INFO org.hibernate.engine.transaction.jta.platform.internal.JtaPlatformInitiator [main] HHH000490: Using JtaPlatform implementation: [org.hibernate.engine.transaction.jta.platform.internal.NoJtaPlatform]
2022-12-06 15:49:03,054 INFO org.springframework.orm.jpa.AbstractEntityManagerFactoryBean [main] Initialized JPA EntityManagerFactory for persistence unit 'default'
2022-12-06 15:49:03,252 WARN org.springframework.boot.autoconfigure.orm.jpa.JpaBaseConfiguration$JpaWebConfiguration [main] spring.jpa.open-in-view is enabled by default. Therefore, database queries may be performed during view rendering. Explicitly configure spring.jpa.open-in-view to disable this warning
2022-12-06 15:49:03,408 INFO org.apache.juli.logging.DirectJDKLog [main] Starting ProtocolHandler ["http-nio-8686"]
2022-12-06 15:49:03,408 INFO org.springframework.boot.web.embedded.tomcat.TomcatWebServer [main] Tomcat started on port(s): 8686 (http) with context path ''
2022-12-06 15:49:03,431 INFO org.springframework.boot.StartupInfoLogger [main] Started AopApplication in 1.808 seconds (JVM running for 2.345)
2022-12-06 15:49:14,072 INFO org.apache.juli.logging.DirectJDKLog [http-nio-8686-exec-1] Initializing Spring DispatcherServlet 'dispatcherServlet'
2022-12-06 15:49:14,072 INFO org.springframework.web.servlet.FrameworkServlet [http-nio-8686-exec-1] Initializing Servlet 'dispatcherServlet'
2022-12-06 15:49:14,072 INFO org.springframework.web.servlet.FrameworkServlet [http-nio-8686-exec-1] Completed initialization in 0 ms
2022-12-06 15:49:14,135 INFO com.behsazan.aop.aspects.LoggingAspect [http-nio-8686-exec-1] Executing : org.springframework.aop.aspectj.MethodInvocationProceedingJoinPoint$MethodSignatureImpl.insertPerson(person) => Person{id=null, age=18, firstName='fatima', lastName='majidi'}
2022-12-06 15:49:14,135 INFO com.behsazan.aop.aspects.LoggingAspect [http-nio-8686-exec-1] Executing : org.springframework.aop.aspectj.MethodInvocationProceedingJoinPoint$MethodSignatureImpl.addPerson(person) => Person{id=null, age=18, firstName='fatima', lastName='majidi'}
2022-12-06 15:50:26,539 INFO org.springframework.orm.jpa.AbstractEntityManagerFactoryBean [SpringApplicationShutdownHook] Closing JPA EntityManagerFactory for persistence unit 'default'
2022-12-06 15:50:26,539 INFO com.zaxxer.hikari.HikariDataSource [SpringApplicationShutdownHook] HikariPool-1 - Shutdown initiated...
2022-12-06 15:50:26,554 INFO com.zaxxer.hikari.HikariDataSource [SpringApplicationShutdownHook] HikariPool-1 - Shutdown completed.
2022-12-06 15:50:47,882 INFO org.springframework.boot.StartupInfoLogger [main] Starting AopApplication using Java 11.0.14.1 on MHajihosseini0334 with PID 18468 (D:\sample\aop\target\classes started by M.Hajhosseini in D:\sample\aop)
2022-12-06 15:50:47,882 INFO org.springframework.boot.SpringApplication [main] No active profile set, falling back to 1 default profile: "default"
2022-12-06 15:50:48,155 INFO org.springframework.data.repository.config.RepositoryConfigurationDelegate [main] Bootstrapping Spring Data JPA repositories in DEFAULT mode.
2022-12-06 15:50:48,186 INFO org.springframework.data.repository.config.RepositoryConfigurationDelegate [main] Finished Spring Data repository scanning in 16 ms. Found 1 JPA repository interfaces.
2022-12-06 15:50:48,462 INFO org.springframework.boot.web.embedded.tomcat.TomcatWebServer [main] Tomcat initialized with port(s): 8686 (http)
2022-12-06 15:50:48,462 INFO org.apache.juli.logging.DirectJDKLog [main] Initializing ProtocolHandler ["http-nio-8686"]
2022-12-06 15:50:48,462 INFO org.apache.juli.logging.DirectJDKLog [main] Starting service [Tomcat]
2022-12-06 15:50:48,462 INFO org.apache.juli.logging.DirectJDKLog [main] Starting Servlet engine: [Apache Tomcat/9.0.69]
2022-12-06 15:50:48,509 INFO org.apache.juli.logging.DirectJDKLog [main] Initializing Spring embedded WebApplicationContext
2022-12-06 15:50:48,509 INFO org.springframework.boot.web.servlet.context.ServletWebServerApplicationContext [main] Root WebApplicationContext: initialization completed in 599 ms
2022-12-06 15:50:48,525 INFO com.zaxxer.hikari.HikariDataSource [main] HikariPool-1 - Starting...
2022-12-06 15:50:48,587 INFO com.zaxxer.hikari.HikariDataSource [main] HikariPool-1 - Start completed.
2022-12-06 15:50:48,603 INFO org.springframework.boot.autoconfigure.h2.H2ConsoleAutoConfiguration [main] H2 console available at '/h2-console'. Database available at 'jdbc:h2:file:./data/demo'
2022-12-06 15:50:48,660 INFO org.hibernate.jpa.internal.util.LogHelper [main] HHH000204: Processing PersistenceUnitInfo [name: default]
2022-12-06 15:50:48,691 INFO org.hibernate.Version [main] HHH000412: Hibernate ORM core version 5.6.14.Final
2022-12-06 15:50:48,754 INFO org.hibernate.annotations.common.reflection.java.JavaReflectionManager [main] HCANN000001: Hibernate Commons Annotations {5.1.2.Final}
2022-12-06 15:50:48,801 INFO org.hibernate.dialect.Dialect [main] HHH000400: Using dialect: org.hibernate.dialect.H2Dialect
2022-12-06 15:50:49,019 INFO org.hibernate.engine.transaction.jta.platform.internal.JtaPlatformInitiator [main] HHH000490: Using JtaPlatform implementation: [org.hibernate.engine.transaction.jta.platform.internal.NoJtaPlatform]
2022-12-06 15:50:49,019 INFO org.springframework.orm.jpa.AbstractEntityManagerFactoryBean [main] Initialized JPA EntityManagerFactory for persistence unit 'default'
2022-12-06 15:50:49,233 WARN org.springframework.boot.autoconfigure.orm.jpa.JpaBaseConfiguration$JpaWebConfiguration [main] spring.jpa.open-in-view is enabled by default. Therefore, database queries may be performed during view rendering. Explicitly configure spring.jpa.open-in-view to disable this warning
2022-12-06 15:50:49,383 INFO org.apache.juli.logging.DirectJDKLog [main] Starting ProtocolHandler ["http-nio-8686"]
2022-12-06 15:50:49,399 INFO org.springframework.boot.web.embedded.tomcat.TomcatWebServer [main] Tomcat started on port(s): 8686 (http) with context path ''
2022-12-06 15:50:49,399 INFO org.springframework.boot.StartupInfoLogger [main] Started AopApplication in 1.744 seconds (JVM running for 2.284)
2022-12-06 15:50:54,021 INFO org.apache.juli.logging.DirectJDKLog [http-nio-8686-exec-1] Initializing Spring DispatcherServlet 'dispatcherServlet'
2022-12-06 15:50:54,021 INFO org.springframework.web.servlet.FrameworkServlet [http-nio-8686-exec-1] Initializing Servlet 'dispatcherServlet'
2022-12-06 15:50:54,021 INFO org.springframework.web.servlet.FrameworkServlet [http-nio-8686-exec-1] Completed initialization in 0 ms
2022-12-06 15:50:54,083 INFO com.behsazan.aop.aspects.LoggingAspect [http-nio-8686-exec-1] Executing : com.behsazan.aop.web.rest.PersonController$$EnhancerBySpringCGLIB$$6d667d0.insertPerson(person) => Person{id=null, age=18, firstName='fatima', lastName='majidi'}
2022-12-06 15:50:54,083 INFO com.behsazan.aop.aspects.LoggingAspect [http-nio-8686-exec-1] Executing : com.behsazan.aop.service.PersonService$$EnhancerBySpringCGLIB$$4f835af4.addPerson(person) => Person{id=null, age=18, firstName='fatima', lastName='majidi'}
2022-12-06 15:51:14,816 INFO org.springframework.orm.jpa.AbstractEntityManagerFactoryBean [SpringApplicationShutdownHook] Closing JPA EntityManagerFactory for persistence unit 'default'
2022-12-06 15:51:14,816 INFO com.zaxxer.hikari.HikariDataSource [SpringApplicationShutdownHook] HikariPool-1 - Shutdown initiated...
2022-12-06 15:51:14,816 INFO com.zaxxer.hikari.HikariDataSource [SpringApplicationShutdownHook] HikariPool-1 - Shutdown completed.
2022-12-06 15:57:49,838 INFO org.springframework.boot.StartupInfoLogger [main] Starting AopApplication using Java 11.0.14.1 on MHajihosseini0334 with PID 19464 (D:\sample\aop\target\classes started by M.Hajhosseini in D:\sample\aop)
2022-12-06 15:57:49,838 INFO org.springframework.boot.SpringApplication [main] No active profile set, falling back to 1 default profile: "default"
2022-12-06 15:57:50,127 INFO org.springframework.data.repository.config.RepositoryConfigurationDelegate [main] Bootstrapping Spring Data JPA repositories in DEFAULT mode.
2022-12-06 15:57:50,142 INFO org.springframework.data.repository.config.RepositoryConfigurationDelegate [main] Finished Spring Data repository scanning in 18 ms. Found 1 JPA repository interfaces.
2022-12-06 15:57:50,449 INFO org.springframework.boot.web.embedded.tomcat.TomcatWebServer [main] Tomcat initialized with port(s): 8686 (http)
2022-12-06 15:57:50,465 INFO org.apache.juli.logging.DirectJDKLog [main] Initializing ProtocolHandler ["http-nio-8686"]
2022-12-06 15:57:50,465 INFO org.apache.juli.logging.DirectJDKLog [main] Starting service [Tomcat]
2022-12-06 15:57:50,465 INFO org.apache.juli.logging.DirectJDKLog [main] Starting Servlet engine: [Apache Tomcat/9.0.69]
2022-12-06 15:57:50,512 INFO org.apache.juli.logging.DirectJDKLog [main] Initializing Spring embedded WebApplicationContext
2022-12-06 15:57:50,512 INFO org.springframework.boot.web.servlet.context.ServletWebServerApplicationContext [main] Root WebApplicationContext: initialization completed in 658 ms
2022-12-06 15:57:50,543 INFO com.zaxxer.hikari.HikariDataSource [main] HikariPool-1 - Starting...
2022-12-06 15:57:50,605 INFO com.zaxxer.hikari.HikariDataSource [main] HikariPool-1 - Start completed.
2022-12-06 15:57:50,605 INFO org.springframework.boot.autoconfigure.h2.H2ConsoleAutoConfiguration [main] H2 console available at '/h2-console'. Database available at 'jdbc:h2:file:./data/demo'
2022-12-06 15:57:50,684 INFO org.hibernate.jpa.internal.util.LogHelper [main] HHH000204: Processing PersistenceUnitInfo [name: default]
2022-12-06 15:57:50,699 INFO org.hibernate.Version [main] HHH000412: Hibernate ORM core version 5.6.14.Final
2022-12-06 15:57:50,762 INFO org.hibernate.annotations.common.reflection.java.JavaReflectionManager [main] HCANN000001: Hibernate Commons Annotations {5.1.2.Final}
2022-12-06 15:57:50,804 INFO org.hibernate.dialect.Dialect [main] HHH000400: Using dialect: org.hibernate.dialect.H2Dialect
2022-12-06 15:57:51,017 INFO org.hibernate.engine.transaction.jta.platform.internal.JtaPlatformInitiator [main] HHH000490: Using JtaPlatform implementation: [org.hibernate.engine.transaction.jta.platform.internal.NoJtaPlatform]
2022-12-06 15:57:51,017 INFO org.springframework.orm.jpa.AbstractEntityManagerFactoryBean [main] Initialized JPA EntityManagerFactory for persistence unit 'default'
2022-12-06 15:57:51,230 WARN org.springframework.boot.autoconfigure.orm.jpa.JpaBaseConfiguration$JpaWebConfiguration [main] spring.jpa.open-in-view is enabled by default. Therefore, database queries may be performed during view rendering. Explicitly configure spring.jpa.open-in-view to disable this warning
2022-12-06 15:57:51,412 INFO org.apache.juli.logging.DirectJDKLog [main] Starting ProtocolHandler ["http-nio-8686"]
2022-12-06 15:57:51,428 INFO org.springframework.boot.web.embedded.tomcat.TomcatWebServer [main] Tomcat started on port(s): 8686 (http) with context path ''
2022-12-06 15:57:51,428 INFO org.springframework.boot.StartupInfoLogger [main] Started AopApplication in 1.793 seconds (JVM running for 2.306)
2022-12-06 15:57:56,387 INFO org.apache.juli.logging.DirectJDKLog [http-nio-8686-exec-1] Initializing Spring DispatcherServlet 'dispatcherServlet'
2022-12-06 15:57:56,387 INFO org.springframework.web.servlet.FrameworkServlet [http-nio-8686-exec-1] Initializing Servlet 'dispatcherServlet'
2022-12-06 15:57:56,387 INFO org.springframework.web.servlet.FrameworkServlet [http-nio-8686-exec-1] Completed initialization in 0 ms
2022-12-06 15:57:56,434 INFO com.behsazan.aop.aspects.LoggingAspect [http-nio-8686-exec-1] Executing : PersonController$$EnhancerBySpringCGLIB$$9417b9b5.insertPerson(person) => Person{id=null, age=18, firstName='fatima', lastName='majidi'}
2022-12-06 15:57:56,449 INFO com.behsazan.aop.aspects.LoggingAspect [http-nio-8686-exec-1] Executing : PersonService$$EnhancerBySpringCGLIB$$1fd8691a.addPerson(person) => Person{id=null, age=18, firstName='fatima', lastName='majidi'}
2022-12-06 15:57:56,480 INFO com.behsazan.aop.aspects.LoggingAspect [http-nio-8686-exec-1] Complete : PersonService$$EnhancerBySpringCGLIB$$1fd8691a.addPerson(person) => null
2022-12-06 15:57:56,480 INFO com.behsazan.aop.aspects.LoggingAspect [http-nio-8686-exec-1] Complete : PersonController$$EnhancerBySpringCGLIB$$9417b9b5.insertPerson(person) => 201 CREATED
2022-12-06 15:58:38,553 INFO org.springframework.orm.jpa.AbstractEntityManagerFactoryBean [SpringApplicationShutdownHook] Closing JPA EntityManagerFactory for persistence unit 'default'
2022-12-06 15:58:38,553 INFO com.zaxxer.hikari.HikariDataSource [SpringApplicationShutdownHook] HikariPool-1 - Shutdown initiated...
2022-12-06 15:58:38,553 INFO com.zaxxer.hikari.HikariDataSource [SpringApplicationShutdownHook] HikariPool-1 - Shutdown completed.
2022-12-06 15:58:41,839 INFO org.springframework.boot.StartupInfoLogger [main] Starting AopApplication using Java 11.0.14.1 on MHajihosseini0334 with PID 21052 (D:\sample\aop\target\classes started by M.Hajhosseini in D:\sample\aop)
2022-12-06 15:58:41,839 INFO org.springframework.boot.SpringApplication [main] No active profile set, falling back to 1 default profile: "default"
2022-12-06 15:58:42,104 INFO org.springframework.data.repository.config.RepositoryConfigurationDelegate [main] Bootstrapping Spring Data JPA repositories in DEFAULT mode.
2022-12-06 15:58:42,135 INFO org.springframework.data.repository.config.RepositoryConfigurationDelegate [main] Finished Spring Data repository scanning in 17 ms. Found 1 JPA repository interfaces.
2022-12-06 15:58:42,437 INFO org.springframework.boot.web.embedded.tomcat.TomcatWebServer [main] Tomcat initialized with port(s): 8686 (http)
2022-12-06 15:58:42,437 INFO org.apache.juli.logging.DirectJDKLog [main] Initializing ProtocolHandler ["http-nio-8686"]
2022-12-06 15:58:42,437 INFO org.apache.juli.logging.DirectJDKLog [main] Starting service [Tomcat]
2022-12-06 15:58:42,437 INFO org.apache.juli.logging.DirectJDKLog [main] Starting Servlet engine: [Apache Tomcat/9.0.69]
2022-12-06 15:58:42,499 INFO org.apache.juli.logging.DirectJDKLog [main] Initializing Spring embedded WebApplicationContext
2022-12-06 15:58:42,499 INFO org.springframework.boot.web.servlet.context.ServletWebServerApplicationContext [main] Root WebApplicationContext: initialization completed in 645 ms
2022-12-06 15:58:42,515 INFO com.zaxxer.hikari.HikariDataSource [main] HikariPool-1 - Starting...
2022-12-06 15:58:42,577 INFO com.zaxxer.hikari.HikariDataSource [main] HikariPool-1 - Start completed.
2022-12-06 15:58:42,593 INFO org.springframework.boot.autoconfigure.h2.H2ConsoleAutoConfiguration [main] H2 console available at '/h2-console'. Database available at 'jdbc:h2:file:./data/demo'
2022-12-06 15:58:42,655 INFO org.hibernate.jpa.internal.util.LogHelper [main] HHH000204: Processing PersistenceUnitInfo [name: default]
2022-12-06 15:58:42,671 INFO org.hibernate.Version [main] HHH000412: Hibernate ORM core version 5.6.14.Final
2022-12-06 15:58:42,733 INFO org.hibernate.annotations.common.reflection.java.JavaReflectionManager [main] HCANN000001: Hibernate Commons Annotations {5.1.2.Final}
2022-12-06 15:58:42,791 INFO org.hibernate.dialect.Dialect [main] HHH000400: Using dialect: org.hibernate.dialect.H2Dialect
2022-12-06 15:58:43,009 INFO org.hibernate.engine.transaction.jta.platform.internal.JtaPlatformInitiator [main] HHH000490: Using JtaPlatform implementation: [org.hibernate.engine.transaction.jta.platform.internal.NoJtaPlatform]
2022-12-06 15:58:43,009 INFO org.springframework.orm.jpa.AbstractEntityManagerFactoryBean [main] Initialized JPA EntityManagerFactory for persistence unit 'default'
2022-12-06 15:58:43,228 WARN org.springframework.boot.autoconfigure.orm.jpa.JpaBaseConfiguration$JpaWebConfiguration [main] spring.jpa.open-in-view is enabled by default. Therefore, database queries may be performed during view rendering. Explicitly configure spring.jpa.open-in-view to disable this warning
2022-12-06 15:58:43,410 INFO org.apache.juli.logging.DirectJDKLog [main] Starting ProtocolHandler ["http-nio-8686"]
2022-12-06 15:58:43,426 INFO org.springframework.boot.web.embedded.tomcat.TomcatWebServer [main] Tomcat started on port(s): 8686 (http) with context path ''
2022-12-06 15:58:43,426 INFO org.springframework.boot.StartupInfoLogger [main] Started AopApplication in 1.793 seconds (JVM running for 2.314)
2022-12-06 15:58:45,964 INFO org.apache.juli.logging.DirectJDKLog [http-nio-8686-exec-1] Initializing Spring DispatcherServlet 'dispatcherServlet'
2022-12-06 15:58:45,964 INFO org.springframework.web.servlet.FrameworkServlet [http-nio-8686-exec-1] Initializing Servlet 'dispatcherServlet'
2022-12-06 15:58:45,964 INFO org.springframework.web.servlet.FrameworkServlet [http-nio-8686-exec-1] Completed initialization in 0 ms
2022-12-06 15:58:46,026 INFO com.behsazan.aop.aspects.LoggingAspect [http-nio-8686-exec-1] Executing : PersonController.insertPerson(person) => Person{id=null, age=18, firstName='fatima', lastName='majidi'}
2022-12-06 15:58:46,042 INFO com.behsazan.aop.aspects.LoggingAspect [http-nio-8686-exec-1] Executing : PersonService.addPerson(person) => Person{id=null, age=18, firstName='fatima', lastName='majidi'}
2022-12-06 15:58:46,058 INFO com.behsazan.aop.aspects.LoggingAspect [http-nio-8686-exec-1] Complete : PersonService.addPerson(person) => null
2022-12-06 15:58:46,073 INFO com.behsazan.aop.aspects.LoggingAspect [http-nio-8686-exec-1] Complete : PersonController.insertPerson(person) => 201 CREATED
2022-12-06 16:01:03,804 INFO org.springframework.orm.jpa.AbstractEntityManagerFactoryBean [SpringApplicationShutdownHook] Closing JPA EntityManagerFactory for persistence unit 'default'
2022-12-06 16:01:03,804 INFO com.zaxxer.hikari.HikariDataSource [SpringApplicationShutdownHook] HikariPool-1 - Shutdown initiated...
2022-12-06 16:01:03,804 INFO com.zaxxer.hikari.HikariDataSource [SpringApplicationShutdownHook] HikariPool-1 - Shutdown completed.
2022-12-06 16:01:07,131 INFO org.springframework.boot.StartupInfoLogger [main] Starting AopApplication using Java 11.0.14.1 on MHajihosseini0334 with PID 16416 (D:\sample\aop\target\classes started by M.Hajhosseini in D:\sample\aop)
2022-12-06 16:01:07,131 INFO org.springframework.boot.SpringApplication [main] No active profile set, falling back to 1 default profile: "default"
2022-12-06 16:01:07,407 INFO org.springframework.data.repository.config.RepositoryConfigurationDelegate [main] Bootstrapping Spring Data JPA repositories in DEFAULT mode.
2022-12-06 16:01:07,438 INFO org.springframework.data.repository.config.RepositoryConfigurationDelegate [main] Finished Spring Data repository scanning in 16 ms. Found 1 JPA repository interfaces.
2022-12-06 16:01:07,592 WARN org.springframework.context.support.AbstractApplicationContext [main] Exception encountered during context initialization - cancelling refresh attempt: org.springframework.beans.factory.BeanCreationException: Error creating bean with name 'projectingArgumentResolverBeanPostProcessor' defined in class path resource [org/springframework/data/web/config/ProjectingArgumentResolverRegistrar.class]: BeanPostProcessor before instantiation of bean failed; nested exception is org.springframework.beans.factory.BeanCreationException: Error creating bean with name 'org.springframework.transaction.annotation.ProxyTransactionManagementConfiguration': Initialization of bean failed; nested exception is java.lang.IllegalArgumentException: warning no match for this type name: com.behsazan.aop.service [Xlint:invalidAbsoluteTypeName]
2022-12-06 16:01:07,592 INFO org.springframework.boot.autoconfigure.logging.ConditionEvaluationReportLoggingListener [main] 

Error starting ApplicationContext. To display the conditions report re-run your application with 'debug' enabled.
2022-12-06 16:01:07,608 ERROR org.springframework.boot.SpringApplication [main] Application run failed
org.springframework.beans.factory.BeanCreationException: Error creating bean with name 'projectingArgumentResolverBeanPostProcessor' defined in class path resource [org/springframework/data/web/config/ProjectingArgumentResolverRegistrar.class]: BeanPostProcessor before instantiation of bean failed; nested exception is org.springframework.beans.factory.BeanCreationException: Error creating bean with name 'org.springframework.transaction.annotation.ProxyTransactionManagementConfiguration': Initialization of bean failed; nested exception is java.lang.IllegalArgumentException: warning no match for this type name: com.behsazan.aop.service [Xlint:invalidAbsoluteTypeName]
	at org.springframework.beans.factory.support.AbstractAutowireCapableBeanFactory.createBean(AbstractAutowireCapableBeanFactory.java:537)
	at org.springframework.beans.factory.support.AbstractBeanFactory.lambda$doGetBean$0(AbstractBeanFactory.java:335)
	at org.springframework.beans.factory.support.DefaultSingletonBeanRegistry.getSingleton(DefaultSingletonBeanRegistry.java:234)
	at org.springframework.beans.factory.support.AbstractBeanFactory.doGetBean(AbstractBeanFactory.java:333)
	at org.springframework.beans.factory.support.AbstractBeanFactory.getBean(AbstractBeanFactory.java:213)
	at org.springframework.context.support.PostProcessorRegistrationDelegate.registerBeanPostProcessors(PostProcessorRegistrationDelegate.java:270)
	at org.springframework.context.support.AbstractApplicationContext.registerBeanPostProcessors(AbstractApplicationContext.java:762)
	at org.springframework.context.support.AbstractApplicationContext.refresh(AbstractApplicationContext.java:567)
	at org.springframework.boot.web.servlet.context.ServletWebServerApplicationContext.refresh(ServletWebServerApplicationContext.java:147)
	at org.springframework.boot.SpringApplication.refresh(SpringApplication.java:731)
	at org.springframework.boot.SpringApplication.refreshContext(SpringApplication.java:408)
	at org.springframework.boot.SpringApplication.run(SpringApplication.java:307)
	at org.springframework.boot.SpringApplication.run(SpringApplication.java:1303)
	at org.springframework.boot.SpringApplication.run(SpringApplication.java:1292)
	at com.behsazan.aop.AopApplication.main(AopApplication.java:10)
Caused by: org.springframework.beans.factory.BeanCreationException: Error creating bean with name 'org.springframework.transaction.annotation.ProxyTransactionManagementConfiguration': Initialization of bean failed; nested exception is java.lang.IllegalArgumentException: warning no match for this type name: com.behsazan.aop.service [Xlint:invalidAbsoluteTypeName]
	at org.springframework.beans.factory.support.AbstractAutowireCapableBeanFactory.doCreateBean(AbstractAutowireCapableBeanFactory.java:628)
	at org.springframework.beans.factory.support.AbstractAutowireCapableBeanFactory.createBean(AbstractAutowireCapableBeanFactory.java:542)
	at org.springframework.beans.factory.support.AbstractBeanFactory.lambda$doGetBean$0(AbstractBeanFactory.java:335)
	at org.springframework.beans.factory.support.DefaultSingletonBeanRegistry.getSingleton(DefaultSingletonBeanRegistry.java:234)
	at org.springframework.beans.factory.support.AbstractBeanFactory.doGetBean(AbstractBeanFactory.java:333)
	at org.springframework.beans.factory.support.AbstractBeanFactory.getBean(AbstractBeanFactory.java:208)
	at org.springframework.beans.factory.support.ConstructorResolver.instantiateUsingFactoryMethod(ConstructorResolver.java:410)
	at org.springframework.beans.factory.support.AbstractAutowireCapableBeanFactory.instantiateUsingFactoryMethod(AbstractAutowireCapableBeanFactory.java:1352)
	at org.springframework.beans.factory.support.AbstractAutowireCapableBeanFactory.createBeanInstance(AbstractAutowireCapableBeanFactory.java:1195)
	at org.springframework.beans.factory.support.AbstractAutowireCapableBeanFactory.doCreateBean(AbstractAutowireCapableBeanFactory.java:582)
	at org.springframework.beans.factory.support.AbstractAutowireCapableBeanFactory.createBean(AbstractAutowireCapableBeanFactory.java:542)
	at org.springframework.beans.factory.support.AbstractBeanFactory.lambda$doGetBean$0(AbstractBeanFactory.java:335)
	at org.springframework.beans.factory.support.DefaultSingletonBeanRegistry.getSingleton(DefaultSingletonBeanRegistry.java:234)
	at org.springframework.beans.factory.support.AbstractBeanFactory.doGetBean(AbstractBeanFactory.java:333)
	at org.springframework.beans.factory.support.AbstractBeanFactory.getBean(AbstractBeanFactory.java:213)
	at org.springframework.aop.framework.autoproxy.BeanFactoryAdvisorRetrievalHelper.findAdvisorBeans(BeanFactoryAdvisorRetrievalHelper.java:91)
	at org.springframework.aop.framework.autoproxy.AbstractAdvisorAutoProxyCreator.findCandidateAdvisors(AbstractAdvisorAutoProxyCreator.java:111)
	at org.springframework.aop.aspectj.annotation.AnnotationAwareAspectJAutoProxyCreator.findCandidateAdvisors(AnnotationAwareAspectJAutoProxyCreator.java:92)
	at org.springframework.aop.aspectj.autoproxy.AspectJAwareAdvisorAutoProxyCreator.shouldSkip(AspectJAwareAdvisorAutoProxyCreator.java:101)
	at org.springframework.aop.framework.autoproxy.AbstractAutoProxyCreator.postProcessBeforeInstantiation(AbstractAutoProxyCreator.java:255)
	at org.springframework.beans.factory.support.AbstractAutowireCapableBeanFactory.applyBeanPostProcessorsBeforeInstantiation(AbstractAutowireCapableBeanFactory.java:1160)
	at org.springframework.beans.factory.support.AbstractAutowireCapableBeanFactory.resolveBeforeInstantiation(AbstractAutowireCapableBeanFactory.java:1135)
	at org.springframework.beans.factory.support.AbstractAutowireCapableBeanFactory.createBean(AbstractAutowireCapableBeanFactory.java:531)
	... 14 common frames omitted
Caused by: java.lang.IllegalArgumentException: warning no match for this type name: com.behsazan.aop.service [Xlint:invalidAbsoluteTypeName]
	at org.aspectj.weaver.tools.PointcutParser.parsePointcutExpression(PointcutParser.java:319)
	at org.springframework.aop.aspectj.AspectJExpressionPointcut.buildPointcutExpression(AspectJExpressionPointcut.java:227)
	at org.springframework.aop.aspectj.AspectJExpressionPointcut.obtainPointcutExpression(AspectJExpressionPointcut.java:198)
	at org.springframework.aop.aspectj.AspectJExpressionPointcut.getClassFilter(AspectJExpressionPointcut.java:177)
	at org.springframework.aop.support.AopUtils.canApply(AopUtils.java:226)
	at org.springframework.aop.support.AopUtils.canApply(AopUtils.java:289)
	at org.springframework.aop.support.AopUtils.findAdvisorsThatCanApply(AopUtils.java:321)
	at org.springframework.aop.framework.autoproxy.AbstractAdvisorAutoProxyCreator.findAdvisorsThatCanApply(AbstractAdvisorAutoProxyCreator.java:128)
	at org.springframework.aop.framework.autoproxy.AbstractAdvisorAutoProxyCreator.findEligibleAdvisors(AbstractAdvisorAutoProxyCreator.java:97)
	at org.springframework.aop.framework.autoproxy.AbstractAdvisorAutoProxyCreator.getAdvicesAndAdvisorsForBean(AbstractAdvisorAutoProxyCreator.java:78)
	at org.springframework.aop.framework.autoproxy.AbstractAutoProxyCreator.wrapIfNecessary(AbstractAutoProxyCreator.java:341)
	at org.springframework.aop.framework.autoproxy.AbstractAutoProxyCreator.postProcessAfterInitialization(AbstractAutoProxyCreator.java:293)
	at org.springframework.beans.factory.support.AbstractAutowireCapableBeanFactory.applyBeanPostProcessorsAfterInitialization(AbstractAutowireCapableBeanFactory.java:455)
	at org.springframework.beans.factory.support.AbstractAutowireCapableBeanFactory.initializeBean(AbstractAutowireCapableBeanFactory.java:1808)
	at org.springframework.beans.factory.support.AbstractAutowireCapableBeanFactory.doCreateBean(AbstractAutowireCapableBeanFactory.java:620)
	... 36 common frames omitted
2022-12-06 16:02:13,042 INFO org.springframework.boot.StartupInfoLogger [main] Starting AopApplication using Java 11.0.14.1 on MHajihosseini0334 with PID 4176 (D:\sample\aop\target\classes started by M.Hajhosseini in D:\sample\aop)
2022-12-06 16:02:13,042 INFO org.springframework.boot.SpringApplication [main] No active profile set, falling back to 1 default profile: "default"
2022-12-06 16:02:13,324 INFO org.springframework.data.repository.config.RepositoryConfigurationDelegate [main] Bootstrapping Spring Data JPA repositories in DEFAULT mode.
2022-12-06 16:02:13,334 INFO org.springframework.data.repository.config.RepositoryConfigurationDelegate [main] Finished Spring Data repository scanning in 16 ms. Found 1 JPA repository interfaces.
2022-12-06 16:02:13,643 INFO org.springframework.boot.web.embedded.tomcat.TomcatWebServer [main] Tomcat initialized with port(s): 8686 (http)
2022-12-06 16:02:13,643 INFO org.apache.juli.logging.DirectJDKLog [main] Initializing ProtocolHandler ["http-nio-8686"]
2022-12-06 16:02:13,643 INFO org.apache.juli.logging.DirectJDKLog [main] Starting service [Tomcat]
2022-12-06 16:02:13,643 INFO org.apache.juli.logging.DirectJDKLog [main] Starting Servlet engine: [Apache Tomcat/9.0.69]
2022-12-06 16:02:13,690 INFO org.apache.juli.logging.DirectJDKLog [main] Initializing Spring embedded WebApplicationContext
2022-12-06 16:02:13,690 INFO org.springframework.boot.web.servlet.context.ServletWebServerApplicationContext [main] Root WebApplicationContext: initialization completed in 617 ms
2022-12-06 16:02:13,705 INFO com.zaxxer.hikari.HikariDataSource [main] HikariPool-1 - Starting...
2022-12-06 16:02:13,768 INFO com.zaxxer.hikari.HikariDataSource [main] HikariPool-1 - Start completed.
2022-12-06 16:02:13,783 INFO org.springframework.boot.autoconfigure.h2.H2ConsoleAutoConfiguration [main] H2 console available at '/h2-console'. Database available at 'jdbc:h2:file:./data/demo'
2022-12-06 16:02:13,841 INFO org.hibernate.jpa.internal.util.LogHelper [main] HHH000204: Processing PersistenceUnitInfo [name: default]
2022-12-06 16:02:13,872 INFO org.hibernate.Version [main] HHH000412: Hibernate ORM core version 5.6.14.Final
2022-12-06 16:02:13,934 INFO org.hibernate.annotations.common.reflection.java.JavaReflectionManager [main] HCANN000001: Hibernate Commons Annotations {5.1.2.Final}
2022-12-06 16:02:13,966 INFO org.hibernate.dialect.Dialect [main] HHH000400: Using dialect: org.hibernate.dialect.H2Dialect
2022-12-06 16:02:14,184 INFO org.hibernate.engine.transaction.jta.platform.internal.JtaPlatformInitiator [main] HHH000490: Using JtaPlatform implementation: [org.hibernate.engine.transaction.jta.platform.internal.NoJtaPlatform]
2022-12-06 16:02:14,200 INFO org.springframework.orm.jpa.AbstractEntityManagerFactoryBean [main] Initialized JPA EntityManagerFactory for persistence unit 'default'
2022-12-06 16:02:14,428 WARN org.springframework.boot.autoconfigure.orm.jpa.JpaBaseConfiguration$JpaWebConfiguration [main] spring.jpa.open-in-view is enabled by default. Therefore, database queries may be performed during view rendering. Explicitly configure spring.jpa.open-in-view to disable this warning
2022-12-06 16:02:14,631 INFO org.apache.juli.logging.DirectJDKLog [main] Starting ProtocolHandler ["http-nio-8686"]
2022-12-06 16:02:14,631 INFO org.springframework.boot.web.embedded.tomcat.TomcatWebServer [main] Tomcat started on port(s): 8686 (http) with context path ''
2022-12-06 16:02:14,647 INFO org.springframework.boot.StartupInfoLogger [main] Started AopApplication in 1.812 seconds (JVM running for 2.328)
2022-12-06 16:02:20,594 INFO org.apache.juli.logging.DirectJDKLog [http-nio-8686-exec-1] Initializing Spring DispatcherServlet 'dispatcherServlet'
2022-12-06 16:02:20,594 INFO org.springframework.web.servlet.FrameworkServlet [http-nio-8686-exec-1] Initializing Servlet 'dispatcherServlet'
2022-12-06 16:02:20,594 INFO org.springframework.web.servlet.FrameworkServlet [http-nio-8686-exec-1] Completed initialization in 0 ms
2022-12-06 16:02:20,656 INFO com.behsazan.aop.aspects.LoggingAspect [http-nio-8686-exec-1] Executing : PersonController.insertPerson(person) => Person{id=null, age=18, firstName='fatima', lastName='majidi'}
2022-12-06 16:02:20,656 INFO com.behsazan.aop.aspects.LoggingAspect [http-nio-8686-exec-1] Executing : PersonService.addPerson(person) => Person{id=null, age=18, firstName='fatima', lastName='majidi'}
2022-12-06 16:02:20,687 INFO com.behsazan.aop.aspects.PerformanceAspect [http-nio-8686-exec-1] Execution time of addPerson took 24 ms
2022-12-06 16:02:20,687 INFO com.behsazan.aop.aspects.LoggingAspect [http-nio-8686-exec-1] Complete : PersonService.addPerson(person) => null
2022-12-06 16:02:20,687 INFO com.behsazan.aop.aspects.LoggingAspect [http-nio-8686-exec-1] Complete : PersonController.insertPerson(person) => 201 CREATED
2022-12-06 16:03:07,640 INFO org.springframework.orm.jpa.AbstractEntityManagerFactoryBean [SpringApplicationShutdownHook] Closing JPA EntityManagerFactory for persistence unit 'default'
2022-12-06 16:03:07,640 INFO com.zaxxer.hikari.HikariDataSource [SpringApplicationShutdownHook] HikariPool-1 - Shutdown initiated...
2022-12-06 16:03:07,640 INFO com.zaxxer.hikari.HikariDataSource [SpringApplicationShutdownHook] HikariPool-1 - Shutdown completed.
2022-12-06 16:03:10,820 INFO org.springframework.boot.StartupInfoLogger [main] Starting AopApplication using Java 11.0.14.1 on MHajihosseini0334 with PID 16652 (D:\sample\aop\target\classes started by M.Hajhosseini in D:\sample\aop)
2022-12-06 16:03:10,836 INFO org.springframework.boot.SpringApplication [main] No active profile set, falling back to 1 default profile: "default"
2022-12-06 16:03:11,128 INFO org.springframework.data.repository.config.RepositoryConfigurationDelegate [main] Bootstrapping Spring Data JPA repositories in DEFAULT mode.
2022-12-06 16:03:11,144 INFO org.springframework.data.repository.config.RepositoryConfigurationDelegate [main] Finished Spring Data repository scanning in 16 ms. Found 1 JPA repository interfaces.
2022-12-06 16:03:11,435 INFO org.springframework.boot.web.embedded.tomcat.TomcatWebServer [main] Tomcat initialized with port(s): 8686 (http)
2022-12-06 16:03:11,435 INFO org.apache.juli.logging.DirectJDKLog [main] Initializing ProtocolHandler ["http-nio-8686"]
2022-12-06 16:03:11,435 INFO org.apache.juli.logging.DirectJDKLog [main] Starting service [Tomcat]
2022-12-06 16:03:11,435 INFO org.apache.juli.logging.DirectJDKLog [main] Starting Servlet engine: [Apache Tomcat/9.0.69]
2022-12-06 16:03:11,501 INFO org.apache.juli.logging.DirectJDKLog [main] Initializing Spring embedded WebApplicationContext
2022-12-06 16:03:11,501 INFO org.springframework.boot.web.servlet.context.ServletWebServerApplicationContext [main] Root WebApplicationContext: initialization completed in 650 ms
2022-12-06 16:03:11,516 INFO com.zaxxer.hikari.HikariDataSource [main] HikariPool-1 - Starting...
2022-12-06 16:03:11,579 INFO com.zaxxer.hikari.HikariDataSource [main] HikariPool-1 - Start completed.
2022-12-06 16:03:11,579 INFO org.springframework.boot.autoconfigure.h2.H2ConsoleAutoConfiguration [main] H2 console available at '/h2-console'. Database available at 'jdbc:h2:file:./data/demo'
2022-12-06 16:03:11,657 INFO org.hibernate.jpa.internal.util.LogHelper [main] HHH000204: Processing PersistenceUnitInfo [name: default]
2022-12-06 16:03:11,672 INFO org.hibernate.Version [main] HHH000412: Hibernate ORM core version 5.6.14.Final
2022-12-06 16:03:11,719 INFO org.hibernate.annotations.common.reflection.java.JavaReflectionManager [main] HCANN000001: Hibernate Commons Annotations {5.1.2.Final}
2022-12-06 16:03:11,766 INFO org.hibernate.dialect.Dialect [main] HHH000400: Using dialect: org.hibernate.dialect.H2Dialect
2022-12-06 16:03:11,974 INFO org.hibernate.engine.transaction.jta.platform.internal.JtaPlatformInitiator [main] HHH000490: Using JtaPlatform implementation: [org.hibernate.engine.transaction.jta.platform.internal.NoJtaPlatform]
2022-12-06 16:03:11,990 INFO org.springframework.orm.jpa.AbstractEntityManagerFactoryBean [main] Initialized JPA EntityManagerFactory for persistence unit 'default'
2022-12-06 16:03:12,209 WARN org.springframework.boot.autoconfigure.orm.jpa.JpaBaseConfiguration$JpaWebConfiguration [main] spring.jpa.open-in-view is enabled by default. Therefore, database queries may be performed during view rendering. Explicitly configure spring.jpa.open-in-view to disable this warning
2022-12-06 16:03:12,401 INFO org.apache.juli.logging.DirectJDKLog [main] Starting ProtocolHandler ["http-nio-8686"]
2022-12-06 16:03:12,401 INFO org.springframework.boot.web.embedded.tomcat.TomcatWebServer [main] Tomcat started on port(s): 8686 (http) with context path ''
2022-12-06 16:03:12,417 INFO org.springframework.boot.StartupInfoLogger [main] Started AopApplication in 1.785 seconds (JVM running for 2.319)
2022-12-06 16:03:16,150 INFO org.apache.juli.logging.DirectJDKLog [http-nio-8686-exec-1] Initializing Spring DispatcherServlet 'dispatcherServlet'
2022-12-06 16:03:16,150 INFO org.springframework.web.servlet.FrameworkServlet [http-nio-8686-exec-1] Initializing Servlet 'dispatcherServlet'
2022-12-06 16:03:16,150 INFO org.springframework.web.servlet.FrameworkServlet [http-nio-8686-exec-1] Completed initialization in 0 ms
2022-12-06 16:03:16,212 INFO com.behsazan.aop.aspects.LoggingAspect [http-nio-8686-exec-1] Executing : PersonController.insertPerson(person) => Person{id=null, age=18, firstName='fatima', lastName='majidi'}
2022-12-06 16:03:16,228 INFO com.behsazan.aop.aspects.LoggingAspect [http-nio-8686-exec-1] Executing : PersonService.addPerson(person) => Person{id=null, age=18, firstName='fatima', lastName='majidi'}
2022-12-06 16:03:16,243 INFO com.behsazan.aop.aspects.PerformanceAspect [http-nio-8686-exec-1] Execution time of PersonService.addPerson took 25 ms
2022-12-06 16:03:16,243 INFO com.behsazan.aop.aspects.LoggingAspect [http-nio-8686-exec-1] Complete : PersonService.addPerson(person) => null
2022-12-06 16:03:16,259 INFO com.behsazan.aop.aspects.LoggingAspect [http-nio-8686-exec-1] Complete : PersonController.insertPerson(person) => 201 CREATED
2022-12-06 16:04:17,125 INFO com.behsazan.aop.aspects.LoggingAspect [http-nio-8686-exec-2] Executing : PersonController.getAll() => 
2022-12-06 16:04:17,125 INFO com.behsazan.aop.aspects.LoggingAspect [http-nio-8686-exec-2] Executing : PersonService.getAllPersons() => 
2022-12-06 16:04:17,172 INFO com.behsazan.aop.aspects.PerformanceAspect [http-nio-8686-exec-2] Execution time of PersonService.getAllPersons took 46 ms
2022-12-06 16:04:17,172 INFO com.behsazan.aop.aspects.LoggingAspect [http-nio-8686-exec-2] Complete : PersonService.getAllPersons() => [Person{id=1, age=18, firstName='fatima', lastName='majidi'}, Person{id=2, age=18, firstName='fatima', lastName='majidi'}, Person{id=3, age=18, firstName='fatima', lastName='majidi'}, Person{id=4, age=18, firstName='fatima', lastName='majidi'}, Person{id=5, age=18, firstName='fatima', lastName='majidi'}, Person{id=6, age=18, firstName='fatima', lastName='majidi'}, Person{id=7, age=18, firstName='fatima', lastName='majidi'}]
2022-12-06 16:04:17,172 INFO com.behsazan.aop.aspects.LoggingAspect [http-nio-8686-exec-2] Complete : PersonController.getAll() => <200 OK OK,[Person{id=1, age=18, firstName='fatima', lastName='majidi'}, Person{id=2, age=18, firstName='fatima', lastName='majidi'}, Person{id=3, age=18, firstName='fatima', lastName='majidi'}, Person{id=4, age=18, firstName='fatima', lastName='majidi'}, Person{id=5, age=18, firstName='fatima', lastName='majidi'}, Person{id=6, age=18, firstName='fatima', lastName='majidi'}, Person{id=7, age=18, firstName='fatima', lastName='majidi'}],[]>
2022-12-06 16:04:35,989 INFO org.springframework.orm.jpa.AbstractEntityManagerFactoryBean [SpringApplicationShutdownHook] Closing JPA EntityManagerFactory for persistence unit 'default'
2022-12-06 16:04:35,989 INFO com.zaxxer.hikari.HikariDataSource [SpringApplicationShutdownHook] HikariPool-1 - Shutdown initiated...
2022-12-06 16:04:36,005 INFO com.zaxxer.hikari.HikariDataSource [SpringApplicationShutdownHook] HikariPool-1 - Shutdown completed.
2022-12-06 16:05:28,200 INFO org.springframework.boot.StartupInfoLogger [main] Starting AopApplication using Java 11.0.14.1 on MHajihosseini0334 with PID 19672 (D:\sample\aop\target\classes started by M.Hajhosseini in D:\sample\aop)
2022-12-06 16:05:28,200 INFO org.springframework.boot.SpringApplication [main] No active profile set, falling back to 1 default profile: "default"
2022-12-06 16:05:28,518 INFO org.springframework.data.repository.config.RepositoryConfigurationDelegate [main] Bootstrapping Spring Data JPA repositories in DEFAULT mode.
2022-12-06 16:05:28,534 INFO org.springframework.data.repository.config.RepositoryConfigurationDelegate [main] Finished Spring Data repository scanning in 19 ms. Found 1 JPA repository interfaces.
2022-12-06 16:05:28,841 INFO org.springframework.boot.web.embedded.tomcat.TomcatWebServer [main] Tomcat initialized with port(s): 8686 (http)
2022-12-06 16:05:28,841 INFO org.apache.juli.logging.DirectJDKLog [main] Initializing ProtocolHandler ["http-nio-8686"]
2022-12-06 16:05:28,841 INFO org.apache.juli.logging.DirectJDKLog [main] Starting service [Tomcat]
2022-12-06 16:05:28,841 INFO org.apache.juli.logging.DirectJDKLog [main] Starting Servlet engine: [Apache Tomcat/9.0.69]
2022-12-06 16:05:28,910 INFO org.apache.juli.logging.DirectJDKLog [main] Initializing Spring embedded WebApplicationContext
2022-12-06 16:05:28,910 INFO org.springframework.boot.web.servlet.context.ServletWebServerApplicationContext [main] Root WebApplicationContext: initialization completed in 679 ms
2022-12-06 16:05:28,926 INFO com.zaxxer.hikari.HikariDataSource [main] HikariPool-1 - Starting...
2022-12-06 16:05:28,988 INFO com.zaxxer.hikari.HikariDataSource [main] HikariPool-1 - Start completed.
2022-12-06 16:05:28,988 INFO org.springframework.boot.autoconfigure.h2.H2ConsoleAutoConfiguration [main] H2 console available at '/h2-console'. Database available at 'jdbc:h2:file:./data/demo'
2022-12-06 16:05:29,066 INFO org.hibernate.jpa.internal.util.LogHelper [main] HHH000204: Processing PersistenceUnitInfo [name: default]
2022-12-06 16:05:29,082 INFO org.hibernate.Version [main] HHH000412: Hibernate ORM core version 5.6.14.Final
2022-12-06 16:05:29,144 INFO org.hibernate.annotations.common.reflection.java.JavaReflectionManager [main] HCANN000001: Hibernate Commons Annotations {5.1.2.Final}
2022-12-06 16:05:29,191 INFO org.hibernate.dialect.Dialect [main] HHH000400: Using dialect: org.hibernate.dialect.H2Dialect
2022-12-06 16:05:29,404 INFO org.hibernate.engine.transaction.jta.platform.internal.JtaPlatformInitiator [main] HHH000490: Using JtaPlatform implementation: [org.hibernate.engine.transaction.jta.platform.internal.NoJtaPlatform]
2022-12-06 16:05:29,404 INFO org.springframework.orm.jpa.AbstractEntityManagerFactoryBean [main] Initialized JPA EntityManagerFactory for persistence unit 'default'
2022-12-06 16:05:29,608 WARN org.springframework.boot.autoconfigure.orm.jpa.JpaBaseConfiguration$JpaWebConfiguration [main] spring.jpa.open-in-view is enabled by default. Therefore, database queries may be performed during view rendering. Explicitly configure spring.jpa.open-in-view to disable this warning
2022-12-06 16:05:29,790 INFO org.apache.juli.logging.DirectJDKLog [main] Starting ProtocolHandler ["http-nio-8686"]
2022-12-06 16:05:29,805 INFO org.springframework.boot.web.embedded.tomcat.TomcatWebServer [main] Tomcat started on port(s): 8686 (http) with context path ''
2022-12-06 16:05:29,805 INFO org.springframework.boot.StartupInfoLogger [main] Started AopApplication in 1.803 seconds (JVM running for 2.417)
2022-12-06 16:05:38,330 INFO org.apache.juli.logging.DirectJDKLog [http-nio-8686-exec-1] Initializing Spring DispatcherServlet 'dispatcherServlet'
2022-12-06 16:05:38,330 INFO org.springframework.web.servlet.FrameworkServlet [http-nio-8686-exec-1] Initializing Servlet 'dispatcherServlet'
2022-12-06 16:05:38,330 INFO org.springframework.web.servlet.FrameworkServlet [http-nio-8686-exec-1] Completed initialization in 0 ms
2022-12-06 16:05:38,387 INFO com.behsazan.aop.aspects.LoggingAspect [http-nio-8686-exec-1] Executing : PersonController.insertPerson(person) => Person{id=1, age=19, firstName='fatima', lastName='majidi roodkenary'}
2022-12-06 16:05:38,403 INFO com.behsazan.aop.aspects.LoggingAspect [http-nio-8686-exec-1] Executing : PersonService.addPerson(person) => Person{id=1, age=19, firstName='fatima', lastName='majidi roodkenary'}
2022-12-06 16:05:38,434 INFO com.behsazan.aop.aspects.PerformanceAspect [http-nio-8686-exec-1] Execution time of PersonService.addPerson took 32 ms
2022-12-06 16:05:38,434 INFO com.behsazan.aop.aspects.LoggingAspect [http-nio-8686-exec-1] Complete : PersonService.addPerson(person) => null
2022-12-06 16:05:38,450 INFO com.behsazan.aop.aspects.LoggingAspect [http-nio-8686-exec-1] Complete : PersonController.insertPerson(person) => 201 CREATED
2022-12-06 16:05:45,164 INFO com.behsazan.aop.aspects.LoggingAspect [http-nio-8686-exec-4] Executing : PersonController.getAll() => 
2022-12-06 16:05:45,164 INFO com.behsazan.aop.aspects.LoggingAspect [http-nio-8686-exec-4] Executing : PersonService.getAllPersons() => 
2022-12-06 16:05:45,195 INFO com.behsazan.aop.aspects.PerformanceAspect [http-nio-8686-exec-4] Execution time of PersonService.getAllPersons took 38 ms
2022-12-06 16:05:45,195 INFO com.behsazan.aop.aspects.LoggingAspect [http-nio-8686-exec-4] Complete : PersonService.getAllPersons() => [Person{id=1, age=19, firstName='fatima', lastName='majidi roodkenary'}, Person{id=2, age=18, firstName='fatima', lastName='majidi'}, Person{id=3, age=18, firstName='fatima', lastName='majidi'}, Person{id=4, age=18, firstName='fatima', lastName='majidi'}, Person{id=5, age=18, firstName='fatima', lastName='majidi'}, Person{id=6, age=18, firstName='fatima', lastName='majidi'}, Person{id=7, age=18, firstName='fatima', lastName='majidi'}]
2022-12-06 16:05:45,195 INFO com.behsazan.aop.aspects.LoggingAspect [http-nio-8686-exec-4] Complete : PersonController.getAll() => <200 OK OK,[Person{id=1, age=19, firstName='fatima', lastName='majidi roodkenary'}, Person{id=2, age=18, firstName='fatima', lastName='majidi'}, Person{id=3, age=18, firstName='fatima', lastName='majidi'}, Person{id=4, age=18, firstName='fatima', lastName='majidi'}, Person{id=5, age=18, firstName='fatima', lastName='majidi'}, Person{id=6, age=18, firstName='fatima', lastName='majidi'}, Person{id=7, age=18, firstName='fatima', lastName='majidi'}],[]>
2022-12-06 16:05:54,509 INFO org.springframework.orm.jpa.AbstractEntityManagerFactoryBean [SpringApplicationShutdownHook] Closing JPA EntityManagerFactory for persistence unit 'default'
2022-12-06 16:05:54,509 INFO com.zaxxer.hikari.HikariDataSource [SpringApplicationShutdownHook] HikariPool-1 - Shutdown initiated...
2022-12-06 16:05:54,509 INFO com.zaxxer.hikari.HikariDataSource [SpringApplicationShutdownHook] HikariPool-1 - Shutdown completed.
